<?xml version="1.0" encoding="UTF-8"?>
<!-- Generated by org.testng.reporters.JUnitReportReporter -->
<testsuite hostname="LAPTOP-GG6R3IU4" failures="0" tests="1" name="tests.LoginTest" time="8.265" errors="0" timestamp="2023-07-25T04:44:44 IST" skipped="0">
  <testcase classname="tests.LoginTest" name="loginTest" time="8.265"/>
</testsuite> <!-- tests.LoginTest -->
