<?xml version="1.0" encoding="UTF-8"?>
<!-- Generated by org.testng.reporters.JUnitReportReporter -->
<testsuite hostname="LAPTOP-GG6R3IU4" failures="0" tests="1" name="tests.OrderFlowTest" time="8.607" errors="0" timestamp="2023-07-25T04:45:26 IST" skipped="0">
  <testcase classname="tests.OrderFlowTest" name="OrderFlowTestProduct" time="8.607"/>
</testsuite> <!-- tests.OrderFlowTest -->
